d:\work\bureau1440\prj\freertos-plus\visualstudio_staticprojects\freertos+tcp\build\freertos+tcp\win32\debug\freertos+tcp.pdb
d:\work\bureau1440\prj\freertos-plus\visualstudio_staticprojects\freertos+tcp\build\freertos+tcp\win32\debug\freertos_tiny_tcp.obj
d:\work\bureau1440\prj\freertos-plus\visualstudio_staticprojects\freertos+tcp\build\freertos+tcp\win32\debug\freertos_tcp_win.obj
d:\work\bureau1440\prj\freertos-plus\visualstudio_staticprojects\freertos+tcp\build\freertos+tcp\win32\debug\freertos_tcp_utils.obj
d:\work\bureau1440\prj\freertos-plus\visualstudio_staticprojects\freertos+tcp\build\freertos+tcp\win32\debug\freertos_tcp_transmission.obj
d:\work\bureau1440\prj\freertos-plus\visualstudio_staticprojects\freertos+tcp\build\freertos+tcp\win32\debug\freertos_tcp_state_handling.obj
d:\work\bureau1440\prj\freertos-plus\visualstudio_staticprojects\freertos+tcp\build\freertos+tcp\win32\debug\freertos_tcp_reception.obj
d:\work\bureau1440\prj\freertos-plus\visualstudio_staticprojects\freertos+tcp\build\freertos+tcp\win32\debug\freertos_tcp_ip.obj
d:\work\bureau1440\prj\freertos-plus\visualstudio_staticprojects\freertos+tcp\build\freertos+tcp\win32\debug\freertos_stream_buffer.obj
d:\work\bureau1440\prj\freertos-plus\visualstudio_staticprojects\freertos+tcp\build\freertos+tcp\win32\debug\freertos_sockets.obj
d:\work\bureau1440\prj\freertos-plus\visualstudio_staticprojects\freertos+tcp\build\freertos+tcp\win32\debug\freertos_ip_utils.obj
d:\work\bureau1440\prj\freertos-plus\visualstudio_staticprojects\freertos+tcp\build\freertos+tcp\win32\debug\freertos_ip_timers.obj
d:\work\bureau1440\prj\freertos-plus\visualstudio_staticprojects\freertos+tcp\build\freertos+tcp\win32\debug\freertos_ip.obj
d:\work\bureau1440\prj\freertos-plus\visualstudio_staticprojects\freertos+tcp\build\freertos+tcp\win32\debug\freertos_icmp.obj
d:\work\bureau1440\prj\freertos-plus\visualstudio_staticprojects\freertos+tcp\build\freertos+tcp\win32\debug\freertos_dns_parser.obj
d:\work\bureau1440\prj\freertos-plus\visualstudio_staticprojects\freertos+tcp\build\freertos+tcp\win32\debug\freertos_dns_networking.obj
d:\work\bureau1440\prj\freertos-plus\visualstudio_staticprojects\freertos+tcp\build\freertos+tcp\win32\debug\freertos_dns_callback.obj
d:\work\bureau1440\prj\freertos-plus\visualstudio_staticprojects\freertos+tcp\build\freertos+tcp\win32\debug\freertos_dns_cache.obj
d:\work\bureau1440\prj\freertos-plus\visualstudio_staticprojects\freertos+tcp\build\freertos+tcp\win32\debug\freertos_dns.obj
d:\work\bureau1440\prj\freertos-plus\visualstudio_staticprojects\freertos+tcp\build\freertos+tcp\win32\debug\freertos_dhcp.obj
d:\work\bureau1440\prj\freertos-plus\visualstudio_staticprojects\freertos+tcp\build\freertos+tcp\win32\debug\freertos_arp.obj
d:\work\bureau1440\prj\freertos-plus\visualstudio_staticprojects\freertos+tcp\build\freertos+tcp\win32\debug\plus_tcp_hooks_winsim.obj
d:\work\bureau1440\prj\freertos-plus\visualstudio_staticprojects\freertos+tcp\build\freertos+tcp\win32\debug\networkinterface_winpcap.obj
d:\work\bureau1440\prj\freertos-plus\visualstudio_staticprojects\freertos+tcp\build\freertos+tcp\win32\debug\tcp_netstat.obj
d:\work\bureau1440\prj\freertos-plus\visualstudio_staticprojects\freertos+tcp\build\freertos+tcp\win32\debug\tcp_mem_stats.obj
d:\work\bureau1440\prj\freertos-plus\visualstudio_staticprojects\freertos+tcp\build\freertos+tcp\win32\debug\tcp_dump_packets.obj
d:\work\bureau1440\prj\freertos-plus\visualstudio_staticprojects\freertos+tcp\build\freertos+tcp\win32\debug\bufferallocation_2.obj
d:\work\bureau1440\prj\freertos-plus\visualstudio_staticprojects\freertos+tcp\build\freertos+tcp\win32\debug\freertos_udp_ip.obj
d:\work\bureau1440\prj\freertos-plus\visualstudio_staticprojects\freertos+tcp\build\freertos+tcp\win32\debug\freertos+tcp.lib
d:\work\bureau1440\prj\freertos-plus\visualstudio_staticprojects\freertos+tcp\build\freertos+tcp\win32\debug\freertos+tcp.tlog\cl.command.1.tlog
d:\work\bureau1440\prj\freertos-plus\visualstudio_staticprojects\freertos+tcp\build\freertos+tcp\win32\debug\freertos+tcp.tlog\cl.read.1.tlog
d:\work\bureau1440\prj\freertos-plus\visualstudio_staticprojects\freertos+tcp\build\freertos+tcp\win32\debug\freertos+tcp.tlog\cl.write.1.tlog
d:\work\bureau1440\prj\freertos-plus\visualstudio_staticprojects\freertos+tcp\build\freertos+tcp\win32\debug\freertos+tcp.tlog\lib-link.read.1.tlog
d:\work\bureau1440\prj\freertos-plus\visualstudio_staticprojects\freertos+tcp\build\freertos+tcp\win32\debug\freertos+tcp.tlog\lib-link.write.1.tlog
d:\work\bureau1440\prj\freertos-plus\visualstudio_staticprojects\freertos+tcp\build\freertos+tcp\win32\debug\freertos+tcp.tlog\lib.command.1.tlog
